<?xml version="1.0" encoding="UTF-8"?>
<!-- Generated by org.testng.reporters.JUnitReportReporter -->
<testsuite hostname="DESKTOP-6KQKOPN" name="com.lowes.test.feedback.FeedbackTest" tests="1" failures="0" timestamp="16 Aug 2020 14:42:32 GMT" time="1.734" errors="0">
  <testcase name="submitFeedbackTest" time="1.734" classname="com.lowes.test.feedback.FeedbackTest"/>
</testsuite> <!-- com.lowes.test.feedback.FeedbackTest -->
